<?xml version="1.0"?>
<testsuite name="Chrome Headless 87.0.4280.88 (Mac OS 11.0.0)" package="" timestamp="2021-01-06T01:17:50" id="0" hostname="Saisrikars-MacBook-Pro.local" tests="79" errors="0" failures="2" time="3.146">
  <properties>
    <property name="browser.fullName" value="Mozilla/5.0 (Macintosh; Intel Mac OS X 11_0_0) AppleWebKit/537.36 (KHTML, like Gecko) HeadlessChrome/87.0.4280.88 Safari/537.36"/>
  </properties>
  <testcase name="PriorityIconComponent should create" time="0.384" classname="Chrome_Headless_87_0_4280_88_(Mac_OS_11_0_0).PriorityIconComponent"/>
  <testcase name="NoteAddComponent should create" time="0.059" classname="Chrome_Headless_87_0_4280_88_(Mac_OS_11_0_0).NoteAddComponent"/>
  <testcase name="NotesListComponent should create" time="0.017" classname="Chrome_Headless_87_0_4280_88_(Mac_OS_11_0_0).NotesListComponent"/>
  <testcase name="HeatmapComponent should create" time="0.028" classname="Chrome_Headless_87_0_4280_88_(Mac_OS_11_0_0).HeatmapComponent"/>
  <testcase name="AdherenceService should be created" time="0.003" classname="Chrome_Headless_87_0_4280_88_(Mac_OS_11_0_0).AdherenceService"/>
  <testcase name="CareplanResolverGuard should ..." time="0.003" classname="Chrome_Headless_87_0_4280_88_(Mac_OS_11_0_0).CareplanResolverGuard"/>
  <testcase name="CareplanService should be created" time="0.002" classname="Chrome_Headless_87_0_4280_88_(Mac_OS_11_0_0).CareplanService"/>
  <testcase name="CareplanService should expand recurring goals" time="0.075" classname="Chrome_Headless_87_0_4280_88_(Mac_OS_11_0_0).CareplanService">
    <failure type="">error properties: Object({ originalStack: 'Error: Expected '2069-12-31T23:00:00.000Z' to be '2070-01-01T09:00:00.000Z'.
    at new ZoneAwareError (node_modules/zone.js/dist/zone-error.js:98:1)
    at Spec.addExpectationResul ...
Error: Expected '2069-12-31T23:00:00.000Z' to be '2070-01-01T09:00:00.000Z'.
    at &lt;Jasmine&gt;
</failure>
  </testcase>
  <testcase name="TelehealthComponent should create" time="0.022" classname="Chrome_Headless_87_0_4280_88_(Mac_OS_11_0_0).TelehealthComponent"/>
  <testcase name="PlanHistoryComponent should create" time="0.089" classname="Chrome_Headless_87_0_4280_88_(Mac_OS_11_0_0).PlanHistoryComponent"/>
  <testcase name="MedicinesListComponent should create" time="0.212" classname="Chrome_Headless_87_0_4280_88_(Mac_OS_11_0_0).MedicinesListComponent"/>
  <testcase name="GuardsModule should create an instance" time="0.002" classname="Chrome_Headless_87_0_4280_88_(Mac_OS_11_0_0).GuardsModule"/>
  <testcase name="ServicesModule should create an instance" time="0" classname="Chrome_Headless_87_0_4280_88_(Mac_OS_11_0_0).ServicesModule"/>
  <testcase name="PipesModule should create an instance" time="0" classname="Chrome_Headless_87_0_4280_88_(Mac_OS_11_0_0).PipesModule"/>
  <testcase name="GoalsComponent should create" time="0.018" classname="Chrome_Headless_87_0_4280_88_(Mac_OS_11_0_0).GoalsComponent"/>
  <testcase name="ReportService should be created" time="0.003" classname="Chrome_Headless_87_0_4280_88_(Mac_OS_11_0_0).ReportService"/>
  <testcase name="PatientListComponent should create" time="0.242" classname="Chrome_Headless_87_0_4280_88_(Mac_OS_11_0_0).PatientListComponent"/>
  <testcase name="DischargeReportComponent should create" time="0.036" classname="Chrome_Headless_87_0_4280_88_(Mac_OS_11_0_0).DischargeReportComponent"/>
  <testcase name="JournalComponent should create" time="0.122" classname="Chrome_Headless_87_0_4280_88_(Mac_OS_11_0_0).JournalComponent"/>
  <testcase name="QuestionnaireService should be created" time="0.007" classname="Chrome_Headless_87_0_4280_88_(Mac_OS_11_0_0).QuestionnaireService"/>
  <testcase name="AdherenceTableComponent should create" time="0.024" classname="Chrome_Headless_87_0_4280_88_(Mac_OS_11_0_0).AdherenceTableComponent"/>
  <testcase name="PendingRegistrationModalComponent should create" time="0.046" classname="Chrome_Headless_87_0_4280_88_(Mac_OS_11_0_0).PendingRegistrationModalComponent"/>
  <testcase name="ReviewScheduleComponent sets and updates activity final assessment start and end" time="0.027" classname="Chrome_Headless_87_0_4280_88_(Mac_OS_11_0_0).ReviewScheduleComponent"/>
  <testcase name="ReviewScheduleComponent sets and updates plan end date" time="0.02" classname="Chrome_Headless_87_0_4280_88_(Mac_OS_11_0_0).ReviewScheduleComponent"/>
  <testcase name="ReviewScheduleComponent sets and updates activity week 1 start and end" time="0.027" classname="Chrome_Headless_87_0_4280_88_(Mac_OS_11_0_0).ReviewScheduleComponent"/>
  <testcase name="ReviewScheduleComponent sets and updates activity initial assessment start and end" time="0.02" classname="Chrome_Headless_87_0_4280_88_(Mac_OS_11_0_0).ReviewScheduleComponent"/>
  <testcase name="ReviewScheduleComponent sets activity week 2 start and end" time="0.016" classname="Chrome_Headless_87_0_4280_88_(Mac_OS_11_0_0).ReviewScheduleComponent"/>
  <testcase name="ReviewScheduleComponent sets and updates plan start date" time="0.021" classname="Chrome_Headless_87_0_4280_88_(Mac_OS_11_0_0).ReviewScheduleComponent"/>
  <testcase name="ReviewScheduleComponent should create" time="0.018" classname="Chrome_Headless_87_0_4280_88_(Mac_OS_11_0_0).ReviewScheduleComponent"/>
  <testcase name="MedicinesComponent should create" time="0.086" classname="Chrome_Headless_87_0_4280_88_(Mac_OS_11_0_0).MedicinesComponent"/>
  <testcase name="GlobalErrorsService should be created" time="0.003" classname="Chrome_Headless_87_0_4280_88_(Mac_OS_11_0_0).GlobalErrorsService"/>
  <testcase name="PractitionerService should be created" time="0.008" classname="Chrome_Headless_87_0_4280_88_(Mac_OS_11_0_0).PractitionerService"/>
  <testcase name="PatientDischargeComponent should create" time="0.039" classname="Chrome_Headless_87_0_4280_88_(Mac_OS_11_0_0).PatientDischargeComponent"/>
  <testcase name="ComboChartComponent should create" time="0" classname="Chrome_Headless_87_0_4280_88_(Mac_OS_11_0_0).ComboChartComponent">
    <skipped/>
  </testcase>
  <testcase name="ProfileComponent should create" time="0.04" classname="Chrome_Headless_87_0_4280_88_(Mac_OS_11_0_0).ProfileComponent"/>
  <testcase name="PendingRegistrationsComponent should create" time="0.017" classname="Chrome_Headless_87_0_4280_88_(Mac_OS_11_0_0).PendingRegistrationsComponent"/>
  <testcase name="LoginComponent should create" time="0.045" classname="Chrome_Headless_87_0_4280_88_(Mac_OS_11_0_0).LoginComponent"/>
  <testcase name="DischargeConfirmationComponent should create" time="0.036" classname="Chrome_Headless_87_0_4280_88_(Mac_OS_11_0_0).DischargeConfirmationComponent"/>
  <testcase name="MedicinesDetailComponent should create" time="0.098" classname="Chrome_Headless_87_0_4280_88_(Mac_OS_11_0_0).MedicinesDetailComponent">
    <failure type="">error properties: Object({ longStack: 'TypeError: Cannot read property 'entry' of null
    at MapSubscriber.project (src/app/home/patient-detail/discharge/discharge-confirmation/discharge-confirmation.component.ts:60:19)
    at MapSubscriber._next (node_modules/rxjs/_esm2015/internal/operators/map.js:29:1)
    at MapSubscriber.next (node_modules/rxjs/_esm2015/internal/Subscriber.js:49:1)
    at Observable._subscribe (node_modules/rxjs/_esm2015/internal/util/subscribeToArray.js:3:1)
    at Observable._trySubscribe (node_modules/rxjs/_esm2015/internal/Observable.js:42:1)
    at Observable.subscribe (node_modules/rxjs/_esm2015/internal/Observable.js:28:1)
    at MapOperator.call (webpack: ...
TypeError: Cannot read property 'entry' of null
    at MapSubscriber.project (src/app/home/patient-detail/discharge/discharge-confirmation/discharge-confirmation.component.ts:60:19)
    at MapSubscriber._next (node_modules/rxjs/_esm2015/internal/operators/map.js:29:1)
    at MapSubscriber.next (node_modules/rxjs/_esm2015/internal/Subscriber.js:49:1)
    at Observable._subscribe (node_modules/rxjs/_esm2015/internal/util/subscribeToArray.js:3:1)
    at Observable._trySubscribe (node_modules/rxjs/_esm2015/internal/Observable.js:42:1)
    at Observable.subscribe (node_modules/rxjs/_esm2015/internal/Observable.js:28:1)
    at MapOperator.call (node_modules/rxjs/_esm2015/internal/operators/map.js:16:1)
    at Observable.subscribe (node_modules/rxjs/_esm2015/internal/Observable.js:23:1)
    at ObservableStrategy.createSubscription (node_modules/@angular/common/__ivy_ngcc__/fesm2015/common.js:4196:1)
    at AsyncPipe._subscribe (node_modules/@angular/common/__ivy_ngcc__/fesm2015/common.js:4277:1)
    at AsyncPipe.transform (node_modules/@angular/common/__ivy_ngcc__/fesm2015/common.js:4264:1)
    at ɵɵpipeBind1 (node_modules/@angular/core/__ivy_ngcc__/fesm2015/core.js:25480:1)
    at DischargeConfirmationComponent_Template (ng:///DischargeConfirmationComponent.js:178:36)
    at executeTemplate (node_modules/@angular/core/__ivy_ngcc__/fesm2015/core.js:9274:1)
    at refreshView (node_modules/@angular/core/__ivy_ngcc__/fesm2015/core.js:9143:1)
    at &lt;Jasmine&gt;
</failure>
  </testcase>
  <testcase name="ChartsComponent should create" time="0.023" classname="Chrome_Headless_87_0_4280_88_(Mac_OS_11_0_0).ChartsComponent"/>
  <testcase name="OriginComponent should create" time="0.019" classname="Chrome_Headless_87_0_4280_88_(Mac_OS_11_0_0).OriginComponent"/>
  <testcase name="AppRoutingModule should create an instance" time="0.001" classname="Chrome_Headless_87_0_4280_88_(Mac_OS_11_0_0).AppRoutingModule"/>
  <testcase name="PatientDeliveryComponent should create" time="0.019" classname="Chrome_Headless_87_0_4280_88_(Mac_OS_11_0_0).PatientDeliveryComponent"/>
  <testcase name="PatientDetailIdentifyComponent should create" time="0.051" classname="Chrome_Headless_87_0_4280_88_(Mac_OS_11_0_0).PatientDetailIdentifyComponent"/>
  <testcase name="HomeComponent should compile" time="0.045" classname="Chrome_Headless_87_0_4280_88_(Mac_OS_11_0_0).HomeComponent"/>
  <testcase name="ObservationValuePipe create an instance" time="0.001" classname="Chrome_Headless_87_0_4280_88_(Mac_OS_11_0_0).ObservationValuePipe"/>
  <testcase name="PatientDetailModule should create an instance" time="0.001" classname="Chrome_Headless_87_0_4280_88_(Mac_OS_11_0_0).PatientDetailModule"/>
  <testcase name="PatientResolverGuard should ..." time="0.002" classname="Chrome_Headless_87_0_4280_88_(Mac_OS_11_0_0).PatientResolverGuard"/>
  <testcase name="PendingRegistrationsComponent should create" time="0.013" classname="Chrome_Headless_87_0_4280_88_(Mac_OS_11_0_0).PendingRegistrationsComponent"/>
  <testcase name="SmartGoalsComponent should create" time="0.223" classname="Chrome_Headless_87_0_4280_88_(Mac_OS_11_0_0).SmartGoalsComponent"/>
  <testcase name="PractitionerOrganizationResolverGuard should ..." time="0.02" classname="Chrome_Headless_87_0_4280_88_(Mac_OS_11_0_0).PractitionerOrganizationResolverGuard"/>
  <testcase name="AppComponent should render router-outlet" time="0.012" classname="Chrome_Headless_87_0_4280_88_(Mac_OS_11_0_0).AppComponent"/>
  <testcase name="AppComponent should have as title 'Cardihab Patient Management'" time="0.031" classname="Chrome_Headless_87_0_4280_88_(Mac_OS_11_0_0).AppComponent"/>
  <testcase name="AppComponent should create the app" time="0.007" classname="Chrome_Headless_87_0_4280_88_(Mac_OS_11_0_0).AppComponent"/>
  <testcase name="PatientDetailComponent should create" time="0.069" classname="Chrome_Headless_87_0_4280_88_(Mac_OS_11_0_0).PatientDetailComponent"/>
  <testcase name="SmartGoalDetailComponent should create" time="0.03" classname="Chrome_Headless_87_0_4280_88_(Mac_OS_11_0_0).SmartGoalDetailComponent"/>
  <testcase name="QuestionnaireComponent should create" time="0.018" classname="Chrome_Headless_87_0_4280_88_(Mac_OS_11_0_0).QuestionnaireComponent"/>
  <testcase name="GoalStatusComponent should create" time="0.013" classname="Chrome_Headless_87_0_4280_88_(Mac_OS_11_0_0).GoalStatusComponent"/>
  <testcase name="DemographicsComponent should create" time="0.103" classname="Chrome_Headless_87_0_4280_88_(Mac_OS_11_0_0).DemographicsComponent"/>
  <testcase name="FhirCodingPipe create an instance" time="0.01" classname="Chrome_Headless_87_0_4280_88_(Mac_OS_11_0_0).FhirCodingPipe"/>
  <testcase name="AuthGuard should ..." time="0.002" classname="Chrome_Headless_87_0_4280_88_(Mac_OS_11_0_0).AuthGuard"/>
  <testcase name="SmartGoalListComponent should create" time="0.092" classname="Chrome_Headless_87_0_4280_88_(Mac_OS_11_0_0).SmartGoalListComponent"/>
  <testcase name="ReviewComponent should create" time="0.015" classname="Chrome_Headless_87_0_4280_88_(Mac_OS_11_0_0).ReviewComponent"/>
  <testcase name="FooterComponent should create" time="0.01" classname="Chrome_Headless_87_0_4280_88_(Mac_OS_11_0_0).FooterComponent"/>
  <testcase name="AgePipe handle empty DoB" time="0.001" classname="Chrome_Headless_87_0_4280_88_(Mac_OS_11_0_0).AgePipe"/>
  <testcase name="AgePipe create an instance" time="0" classname="Chrome_Headless_87_0_4280_88_(Mac_OS_11_0_0).AgePipe"/>
  <testcase name="PatientService should be created" time="0.002" classname="Chrome_Headless_87_0_4280_88_(Mac_OS_11_0_0).PatientService"/>
  <testcase name="AdherenceComponent should create" time="0.116" classname="Chrome_Headless_87_0_4280_88_(Mac_OS_11_0_0).AdherenceComponent"/>
  <testcase name="EditGoalModalComponent should create" time="0.043" classname="Chrome_Headless_87_0_4280_88_(Mac_OS_11_0_0).EditGoalModalComponent"/>
  <testcase name="FhirUsualNamePipe Should return &lt;No Name> value not defined" time="0.001" classname="Chrome_Headless_87_0_4280_88_(Mac_OS_11_0_0).FhirUsualNamePipe"/>
  <testcase name="FhirUsualNamePipe create an instance" time="0.001" classname="Chrome_Headless_87_0_4280_88_(Mac_OS_11_0_0).FhirUsualNamePipe"/>
  <testcase name="FhirUsualNamePipe Should return &lt;No Name> value is empty array" time="0" classname="Chrome_Headless_87_0_4280_88_(Mac_OS_11_0_0).FhirUsualNamePipe"/>
  <testcase name="AdherenceTabsComponent should create" time="0.103" classname="Chrome_Headless_87_0_4280_88_(Mac_OS_11_0_0).AdherenceTabsComponent"/>
  <testcase name="MedicationService should be created" time="0.012" classname="Chrome_Headless_87_0_4280_88_(Mac_OS_11_0_0).MedicationService"/>
  <testcase name="RecordedDataComponent should create" time="0.019" classname="Chrome_Headless_87_0_4280_88_(Mac_OS_11_0_0).RecordedDataComponent"/>
  <testcase name="DesignComponent should create" time="0.041" classname="Chrome_Headless_87_0_4280_88_(Mac_OS_11_0_0).DesignComponent"/>
  <testcase name="FhirService should be created" time="0.003" classname="Chrome_Headless_87_0_4280_88_(Mac_OS_11_0_0).FhirService"/>
  <testcase name="ChangePasswordComponent should create" time="0.036" classname="Chrome_Headless_87_0_4280_88_(Mac_OS_11_0_0).ChangePasswordComponent"/>
  <testcase name="PatientDetailSideComponent should create" time="0.023" classname="Chrome_Headless_87_0_4280_88_(Mac_OS_11_0_0).PatientDetailSideComponent"/>
  <system-out>
    <![CDATA[Chrome Headless 87.0.4280.88 (Mac OS 11.0.0) DEBUG: 'activating goal: undefined'
,Chrome Headless 87.0.4280.88 (Mac OS 11.0.0) DEBUG: 'startAt: 9 hours'
,Chrome Headless 87.0.4280.88 (Mac OS 11.0.0) DEBUG: 'Every: a day'
,Chrome Headless 87.0.4280.88 (Mac OS 11.0.0) DEBUG: 'activating'
,Chrome Headless 87.0.4280.88 (Mac OS 11.0.0) DEBUG: Object{resourceType: 'Bundle', type: 'transaction', entry: [Object{request: ..., resource: ...}, Object{request: ..., resource: ...}, Object{request: ..., resource: ...}, Object{request: ..., resource: ...}, Object{request: ..., resource: ...}, Object{request: ..., resource: ...}, Object{request: ..., resource: ...}, Object{request: ..., resource: ...}, Object{request: ..., resource: ...}, Object{request: ..., resource: ...}, Object{request: ..., resource: ...}, Object{request: ..., resource: ...}, Object{request: ..., resource: ...}, Object{request: ..., resource: ...}, Object{request: ..., resource: ...}, Object{request: ..., resource: ...}, Object{request: ..., resource: ...}, Object{request: ..., resource: ...}, Object{request: ..., resource: ...}, Object{request: ..., resource: ...}, Object{request: ..., resource: ...}, Object{request: ..., resource: ...}, Object{request: ..., resource: ...}, Object{request: ..., resource: ...}, Object{request: ..., resource: ...}, Object{request: ..., resource: ...}, Object{request: ..., resource: ...}, Object{request: ..., resource: ...}, Object{request: ..., resource: ...}, Object{request: ..., resource: ...}, Object{request: ..., resource: ...}, Object{request: ..., resource: ...}, Object{request: ..., resource: ...}]}
,Chrome Headless 87.0.4280.88 (Mac OS 11.0.0) LOG: '2069-12-31T23:00:00.000Z'
,Chrome Headless 87.0.4280.88 (Mac OS 11.0.0) ALERT: 'Registration does not contain site code. This shouldn't happen'
,Chrome Headless 87.0.4280.88 (Mac OS 11.0.0) ERROR: 'NG0304: 'mat-chip-list' is not a known element:
1. If 'mat-chip-list' is an Angular component, then verify that it is part of this module.
2. If 'mat-chip-list' is a Web Component then add 'CUSTOM_ELEMENTS_SCHEMA' to the '@NgModule.schemas' of this component to suppress this message.'
,Chrome Headless 87.0.4280.88 (Mac OS 11.0.0) LOG: '/charts/Blood Pressure'
,Chrome Headless 87.0.4280.88 (Mac OS 11.0.0) ERROR: 'NG0304: 'mat-chip' is not a known element:
1. If 'mat-chip' is an Angular component, then verify that it is part of this module.
2. If 'mat-chip' is a Web Component then add 'CUSTOM_ELEMENTS_SCHEMA' to the '@NgModule.schemas' of this component to suppress this message.'
,Chrome Headless 87.0.4280.88 (Mac OS 11.0.0) LOG: 'QuestionnaireComponent ngOnInit'
,Chrome Headless 87.0.4280.88 (Mac OS 11.0.0) LOG: '/observation-adherence'

]]>
  </system-out>
  <system-err/>
</testsuite>